[2017-12-03T13:10:22.123] [INFO] blog - GET /api/articles?page=1&size=20 - 63ms
[2017-12-03T13:10:27.779] [INFO] blog - GET /api/tasks?done=true - 1ms
[2017-12-03T13:10:27.862] [INFO] blog - GET /api/captcha - 5ms
[2017-12-03T13:10:35.859] [INFO] blog - POST /api/session - 9ms
[2017-12-03T13:10:35.906] [ERROR] blog - ReferenceError: author is not defined
    at getTasks (c:\Users\Administrator\Desktop\yfblog\src\controller\TaskController.js:11:58)
    at dispatch (c:\Users\Administrator\Desktop\yfblog\node_modules\koa-router\node_modules\koa-compose\index.js:44:32)
    at next (c:\Users\Administrator\Desktop\yfblog\node_modules\koa-router\node_modules\koa-compose\index.js:45:18)
    at module.exports (c:\Users\Administrator\Desktop\yfblog\midware\loginCheck.js:9:11)
    at dispatch (c:\Users\Administrator\Desktop\yfblog\node_modules\koa-router\node_modules\koa-compose\index.js:44:32)
    at next (c:\Users\Administrator\Desktop\yfblog\node_modules\koa-router\node_modules\koa-compose\index.js:45:18)
    at c:\Users\Administrator\Desktop\yfblog\node_modules\koa-router\lib\router.js:345:16
    at dispatch (c:\Users\Administrator\Desktop\yfblog\node_modules\koa-router\node_modules\koa-compose\index.js:44:32)
    at c:\Users\Administrator\Desktop\yfblog\node_modules\koa-router\node_modules\koa-compose\index.js:36:12
    at dispatch (c:\Users\Administrator\Desktop\yfblog\node_modules\koa-router\lib\router.js:350:31)
    at dispatch (c:\Users\Administrator\Desktop\yfblog\node_modules\koa-compose\index.js:42:32)
    at next (c:\Users\Administrator\Desktop\yfblog\node_modules\koa-compose\index.js:43:18)
    at dispatch (c:\Users\Administrator\Desktop\yfblog\node_modules\koa-router\lib\router.js:332:32)
    at dispatch (c:\Users\Administrator\Desktop\yfblog\node_modules\koa-compose\index.js:42:32)
    at next (c:\Users\Administrator\Desktop\yfblog\node_modules\koa-compose\index.js:43:18)
    at dispatch (c:\Users\Administrator\Desktop\yfblog\node_modules\koa-router\lib\router.js:332:32)
[2017-12-03T13:10:35.914] [INFO] blog - GET /api/tasks?done=true - 8ms
[2017-12-03T13:10:45.335] [ERROR] blog - ReferenceError: author is not defined
    at getTasks (c:\Users\Administrator\Desktop\yfblog\src\controller\TaskController.js:11:58)
    at dispatch (c:\Users\Administrator\Desktop\yfblog\node_modules\koa-router\node_modules\koa-compose\index.js:44:32)
    at next (c:\Users\Administrator\Desktop\yfblog\node_modules\koa-router\node_modules\koa-compose\index.js:45:18)
    at module.exports (c:\Users\Administrator\Desktop\yfblog\midware\loginCheck.js:9:11)
    at dispatch (c:\Users\Administrator\Desktop\yfblog\node_modules\koa-router\node_modules\koa-compose\index.js:44:32)
    at next (c:\Users\Administrator\Desktop\yfblog\node_modules\koa-router\node_modules\koa-compose\index.js:45:18)
    at c:\Users\Administrator\Desktop\yfblog\node_modules\koa-router\lib\router.js:345:16
    at dispatch (c:\Users\Administrator\Desktop\yfblog\node_modules\koa-router\node_modules\koa-compose\index.js:44:32)
    at c:\Users\Administrator\Desktop\yfblog\node_modules\koa-router\node_modules\koa-compose\index.js:36:12
    at dispatch (c:\Users\Administrator\Desktop\yfblog\node_modules\koa-router\lib\router.js:350:31)
    at dispatch (c:\Users\Administrator\Desktop\yfblog\node_modules\koa-compose\index.js:42:32)
    at next (c:\Users\Administrator\Desktop\yfblog\node_modules\koa-compose\index.js:43:18)
    at dispatch (c:\Users\Administrator\Desktop\yfblog\node_modules\koa-router\lib\router.js:332:32)
    at dispatch (c:\Users\Administrator\Desktop\yfblog\node_modules\koa-compose\index.js:42:32)
    at next (c:\Users\Administrator\Desktop\yfblog\node_modules\koa-compose\index.js:43:18)
    at dispatch (c:\Users\Administrator\Desktop\yfblog\node_modules\koa-router\lib\router.js:332:32)
[2017-12-03T13:10:45.337] [INFO] blog - GET /api/tasks?done=true - 3ms
[2017-12-03T13:11:13.995] [ERROR] blog - ReferenceError: author is not defined
    at getTasks (c:\Users\Administrator\Desktop\yfblog\src\controller\TaskController.js:11:58)
    at dispatch (c:\Users\Administrator\Desktop\yfblog\node_modules\koa-router\node_modules\koa-compose\index.js:44:32)
    at next (c:\Users\Administrator\Desktop\yfblog\node_modules\koa-router\node_modules\koa-compose\index.js:45:18)
    at module.exports (c:\Users\Administrator\Desktop\yfblog\midware\loginCheck.js:9:11)
    at dispatch (c:\Users\Administrator\Desktop\yfblog\node_modules\koa-router\node_modules\koa-compose\index.js:44:32)
    at next (c:\Users\Administrator\Desktop\yfblog\node_modules\koa-router\node_modules\koa-compose\index.js:45:18)
    at c:\Users\Administrator\Desktop\yfblog\node_modules\koa-router\lib\router.js:345:16
    at dispatch (c:\Users\Administrator\Desktop\yfblog\node_modules\koa-router\node_modules\koa-compose\index.js:44:32)
    at c:\Users\Administrator\Desktop\yfblog\node_modules\koa-router\node_modules\koa-compose\index.js:36:12
    at dispatch (c:\Users\Administrator\Desktop\yfblog\node_modules\koa-router\lib\router.js:350:31)
    at dispatch (c:\Users\Administrator\Desktop\yfblog\node_modules\koa-compose\index.js:42:32)
    at next (c:\Users\Administrator\Desktop\yfblog\node_modules\koa-compose\index.js:43:18)
    at dispatch (c:\Users\Administrator\Desktop\yfblog\node_modules\koa-router\lib\router.js:332:32)
    at dispatch (c:\Users\Administrator\Desktop\yfblog\node_modules\koa-compose\index.js:42:32)
    at next (c:\Users\Administrator\Desktop\yfblog\node_modules\koa-compose\index.js:43:18)
    at dispatch (c:\Users\Administrator\Desktop\yfblog\node_modules\koa-router\lib\router.js:332:32)
[2017-12-03T13:11:13.998] [INFO] blog - GET /api/tasks?done=true - 13198ms
[2017-12-03T13:11:59.051] [INFO] blog - GET /api/tasks?done=true - 27490ms
[2017-12-03T13:12:16.344] [INFO] blog - GET /api/tasks?done=false - 2613ms
[2017-12-03T13:12:31.240] [INFO] blog - GET /api/tasks - 2ms
[2017-12-03T13:12:44.592] [INFO] blog - GET /api/tasks?done=false - 4ms
[2017-12-03T13:14:00.744] [INFO] blog - GET /api/tags - 3ms
[2017-12-03T13:14:06.078] [INFO] blog - POST /api/tags - 21ms
[2017-12-03T13:14:06.761] [INFO] blog - POST /api/tags - 6ms
[2017-12-03T13:16:46.931] [INFO] blog - GET /api/tags - 6ms
[2017-12-03T13:16:51.887] [INFO] blog - POST /api/tags - 3ms
[2017-12-03T13:16:58.102] [INFO] blog - POST /api/tags - 9ms
[2017-12-03T13:17:01.587] [INFO] blog - POST /api/tags - 4ms
[2017-12-03T13:17:04.895] [INFO] blog - DELETE /api/tags/5a2388cd9bac3b2b8cb6266c - 18ms
[2017-12-03T13:17:06.780] [INFO] blog - DELETE /api/tags/5a2388ca9bac3b2b8cb6266b - 8ms
[2017-12-03T13:17:08.338] [INFO] blog - DELETE /api/tags/5a2388c39bac3b2b8cb6266a - 6ms
[2017-12-03T13:29:36.555] [INFO] blog - GET /api/articles?page=1&size=20 - 24ms
[2017-12-03T13:29:40.798] [INFO] blog - GET /api/tasks?done=false - 3ms
[2017-12-03T13:29:44.490] [INFO] blog - GET /api/tags - 3ms
[2017-12-03T13:29:47.961] [INFO] blog - GET /api/tasks?done=false - 4ms
[2017-12-03T13:29:50.264] [INFO] blog - GET /api/tasks - 5ms
[2017-12-03T13:35:54.475] [INFO] blog - GET /api/tasks - 7ms
[2017-12-03T13:36:01.412] [INFO] blog - DELETE /api/tasks/5a12c2096c2b271b640ebeab - 3ms
[2017-12-03T13:42:28.029] [INFO] blog - GET /api/tags - 21ms
[2017-12-03T13:42:35.039] [INFO] blog - GET /api/tasks?done=false - 22ms
[2017-12-03T13:42:36.789] [INFO] blog - GET /api/tasks - 6ms
[2017-12-03T13:42:41.947] [ERROR] blog - { MongoError: E11000 duplicate key error collection: blog.tasks index: _id_ dup key: { : ObjectId('5a12c2096c2b271b640ebeab') }
    at Function.MongoError.create (c:\Users\Administrator\Desktop\yfblog\node_modules\mongodb-core\lib\error.js:31:11)
    at toError (c:\Users\Administrator\Desktop\yfblog\node_modules\mongodb\lib\utils.js:139:22)
    at c:\Users\Administrator\Desktop\yfblog\node_modules\mongodb\lib\collection.js:668:23
    at handleCallback (c:\Users\Administrator\Desktop\yfblog\node_modules\mongodb\lib\utils.js:120:56)
    at c:\Users\Administrator\Desktop\yfblog\node_modules\mongodb\lib\bulk\unordered.js:465:9
    at handleCallback (c:\Users\Administrator\Desktop\yfblog\node_modules\mongodb\lib\utils.js:120:56)
    at resultHandler (c:\Users\Administrator\Desktop\yfblog\node_modules\mongodb\lib\bulk\unordered.js:413:5)
    at c:\Users\Administrator\Desktop\yfblog\node_modules\mongodb-core\lib\connection\pool.js:469:18
    at _combinedTickCallback (internal/process/next_tick.js:131:7)
    at process._tickCallback (internal/process/next_tick.js:180:9)
  name: 'MongoError',
  message: 'E11000 duplicate key error collection: blog.tasks index: _id_ dup key: { : ObjectId(\'5a12c2096c2b271b640ebeab\') }',
  driver: true,
  code: 11000,
  index: 0,
  errmsg: 'E11000 duplicate key error collection: blog.tasks index: _id_ dup key: { : ObjectId(\'5a12c2096c2b271b640ebeab\') }',
  getOperation: [Function],
  toJSON: [Function],
  toString: [Function] }
[2017-12-03T13:42:41.959] [INFO] blog - DELETE /api/tasks/5a12c2096c2b271b640ebeab - 52ms
[2017-12-03T13:43:04.406] [ERROR] blog - { MongoError: E11000 duplicate key error collection: blog.tasks index: _id_ dup key: { : ObjectId('5a12c2096c2b271b640ebeab') }
    at Function.MongoError.create (c:\Users\Administrator\Desktop\yfblog\node_modules\mongodb-core\lib\error.js:31:11)
    at toError (c:\Users\Administrator\Desktop\yfblog\node_modules\mongodb\lib\utils.js:139:22)
    at c:\Users\Administrator\Desktop\yfblog\node_modules\mongodb\lib\collection.js:668:23
    at handleCallback (c:\Users\Administrator\Desktop\yfblog\node_modules\mongodb\lib\utils.js:120:56)
    at c:\Users\Administrator\Desktop\yfblog\node_modules\mongodb\lib\bulk\unordered.js:465:9
    at handleCallback (c:\Users\Administrator\Desktop\yfblog\node_modules\mongodb\lib\utils.js:120:56)
    at resultHandler (c:\Users\Administrator\Desktop\yfblog\node_modules\mongodb\lib\bulk\unordered.js:413:5)
    at c:\Users\Administrator\Desktop\yfblog\node_modules\mongodb-core\lib\connection\pool.js:469:18
    at _combinedTickCallback (internal/process/next_tick.js:131:7)
    at process._tickCallback (internal/process/next_tick.js:180:9)
  name: 'MongoError',
  message: 'E11000 duplicate key error collection: blog.tasks index: _id_ dup key: { : ObjectId(\'5a12c2096c2b271b640ebeab\') }',
  driver: true,
  code: 11000,
  index: 0,
  errmsg: 'E11000 duplicate key error collection: blog.tasks index: _id_ dup key: { : ObjectId(\'5a12c2096c2b271b640ebeab\') }',
  getOperation: [Function],
  toJSON: [Function],
  toString: [Function] }
[2017-12-03T13:43:04.418] [INFO] blog - DELETE /api/tasks/5a12c2096c2b271b640ebeab - 13295ms
[2017-12-03T13:43:22.234] [INFO] blog - DELETE /api/tasks/5a12c2096c2b271b640ebeab - 7402ms
[2017-12-03T13:43:35.593] [INFO] blog - GET /api/tasks - 24ms
[2017-12-03T13:43:58.183] [INFO] blog - GET /api/tasks?done=false - 10ms
[2017-12-03T13:44:01.059] [INFO] blog - POST /api/tasks - 21ms
[2017-12-03T13:44:03.469] [INFO] blog - GET /api/tasks - 6ms
[2017-12-03T13:44:11.986] [INFO] blog - DELETE /api/tasks/5a238f21287be52d08ab88a1 - 5806ms
[2017-12-03T13:45:15.985] [INFO] blog - GET /api/tasks - 8ms
[2017-12-03T13:45:15.987] [INFO] blog - GET /api/tasks - 8ms
[2017-12-03T13:45:43.923] [INFO] blog - GET /api/tasks?done=false - 4ms
[2017-12-03T13:45:46.128] [INFO] blog - POST /api/tasks - 7ms
[2017-12-03T13:45:47.940] [INFO] blog - GET /api/tasks - 4ms
[2017-12-03T13:45:52.705] [INFO] blog - DELETE /api/tasks/5a238f8a287be52d08ab88a2 - 2813ms
[2017-12-03T13:45:52.726] [INFO] blog - GET /api/tasks - 5ms
[2017-12-03T13:46:27.147] [INFO] blog - GET /api/tasks - 7ms
[2017-12-03T13:46:27.157] [INFO] blog - GET /api/tasks - 8ms
[2017-12-03T13:46:32.335] [INFO] blog - GET /api/tasks?done=false - 3ms
[2017-12-03T13:46:33.558] [INFO] blog - GET /api/tasks - 2ms
[2017-12-03T13:46:36.131] [INFO] blog - GET /api/tasks - 4ms
[2017-12-03T13:46:48.254] [INFO] blog - GET /api/tasks?done=false - 2ms
[2017-12-03T13:46:50.725] [INFO] blog - POST /api/tasks - 5ms
[2017-12-03T13:46:53.411] [INFO] blog - PATCH /api/tasks/5a238fca287be52d08ab88a3 - 16ms
[2017-12-03T13:46:54.876] [INFO] blog - GET /api/tasks - 4ms
[2017-12-03T13:59:36.663] [INFO] blog - GET /api/tasks?done=false - 10ms
[2017-12-03T14:00:08.037] [INFO] blog - POST /api/tasks - 18ms
[2017-12-03T14:00:33.010] [INFO] blog - GET /api/tasks?done=false - 9ms
[2017-12-03T14:00:35.752] [INFO] blog - PATCH /api/tasks/5a2392e838c9b60534fbf74c - 10ms
[2017-12-03T14:00:40.582] [INFO] blog - GET /api/tasks - 4ms
[2017-12-03T14:08:15.909] [INFO] blog - GET /api/tasks?done=false - 2ms
[2017-12-03T14:08:19.529] [INFO] blog - POST /api/tasks - 4ms
[2017-12-03T14:08:20.964] [INFO] blog - GET /api/tasks - 2ms
[2017-12-03T14:08:22.810] [INFO] blog - DELETE /api/tasks/5a2394d338c9b60534fbf74d - 4ms
[2017-12-03T14:08:22.838] [INFO] blog - GET /api/tasks - 3ms
[2017-12-03T14:26:32.117] [INFO] blog - GET /api/articles?page=1&size=20&author=admin - 182ms
[2017-12-03T17:45:21.816] [INFO] blog - GET / - 1ms
[2017-12-03T17:45:21.903] [INFO] blog - GET /favicon.ico - 0ms
[2017-12-03T17:46:03.917] [INFO] blog - GET /api/articles?page=1&size=20 - 97ms
[2017-12-03T17:46:07.345] [INFO] blog - GET /api/tasks?done=false - 1ms
[2017-12-03T17:46:07.443] [INFO] blog - GET /api/captcha - 6ms
[2017-12-03T17:46:16.073] [INFO] blog - GET /api/articles?page=1&size=20&author=admin - 22ms
[2017-12-03T17:46:23.494] [INFO] blog - POST /api/session - 5ms
[2017-12-03T17:46:23.537] [INFO] blog - GET /api/tasks?done=false - 5ms
[2017-12-03T17:46:47.201] [INFO] blog - GET /api/articles?page=1&size=20 - 20ms
[2017-12-03T17:54:48.032] [INFO] blog - GET /api/articles?page=1&size=20&author=admin - 11ms
[2017-12-03T18:55:13.710] [INFO] blog - GET /api/articles?page=1&size=20 - 93ms
[2017-12-03T18:56:50.933] [INFO] blog - GET /api/articles?page=1&size=20 - 55431ms
[2017-12-03T18:56:51.932] [INFO] blog - GET /api/articles?page=1&size=20&author=admin - 988ms
[2017-12-03T18:57:26.976] [INFO] blog - GET /api/articles/5a12e49ae59e7565280979a4 - 54ms
[2017-12-03T18:57:26.997] [INFO] blog - GET /api/tags - 1ms
[2017-12-03T18:57:27.051] [INFO] blog - GET /api/captcha - 13ms
[2017-12-03T18:57:38.077] [INFO] blog - POST /api/session - 3ms
[2017-12-03T18:57:38.264] [INFO] blog - GET /api/tasks?done=false - 135ms
[2017-12-03T18:57:56.136] [INFO] blog - GET /api/articles?page=1&size=20&author=admin - 5113ms
[2017-12-03T18:58:03.595] [INFO] blog - GET /api/articles/5a12e49ae59e7565280979a4 - 7ms
[2017-12-03T18:58:03.633] [INFO] blog - GET /api/tags - 6ms
[2017-12-03T18:58:08.167] [INFO] blog - PUT /api/articles/5a12e49ae59e7565280979a4 - 25ms
[2017-12-03T18:58:11.277] [INFO] blog - GET /api/articles?page=1&size=20&author=admin - 3054ms
[2017-12-03T18:58:21.237] [ERROR] blog - { status: 401, errCode: 'article.not.found' }
[2017-12-03T18:58:21.240] [INFO] blog - GET /api/articles/5a12e49ae59e7565280979a4 - 12ms
[2017-12-03T18:58:21.240] [INFO] blog - GET /api/newarticles - 8ms
[2017-12-03T18:58:21.244] [INFO] blog - GET /api/hotarticles - 10ms
[2017-12-03T18:58:21.349] [INFO] blog - GET /api/captcha - 3ms
[2017-12-03T18:58:23.308] [INFO] blog - GET /api/captcha - 2ms
[2017-12-03T18:58:28.501] [INFO] blog - GET /api/articles?page=1&size=20 - 14ms
[2017-12-03T18:59:04.314] [INFO] blog - GET /api/articles?page=1&size=20 - 9ms
[2017-12-03T18:59:04.361] [INFO] blog - GET /api/articles?page=1&size=20 - 6ms
[2017-12-03T18:59:38.619] [INFO] blog - GET /api/articles?page=1&size=20 - 19ms
[2017-12-03T18:59:38.681] [INFO] blog - GET /api/articles?page=1&size=20 - 45ms
[2017-12-03T19:00:08.034] [INFO] blog - GET /api/articles?page=1&size=20 - 11ms
[2017-12-03T19:00:08.049] [INFO] blog - GET /api/articles?page=1&size=20 - 9ms
[2017-12-03T19:00:29.630] [INFO] blog - GET /api/owner/articles?page=1&size=20 - 1ms
[2017-12-03T19:00:29.672] [INFO] blog - GET /api/owner/articles?page=1&size=20 - 1ms
[2017-12-03T19:00:29.750] [INFO] blog - GET /api/captcha - 3ms
[2017-12-03T19:00:29.759] [INFO] blog - GET /api/captcha - 4ms
[2017-12-03T19:00:41.403] [INFO] blog - GET /api/captcha - 3ms
[2017-12-03T19:00:46.428] [INFO] blog - POST /api/session - 1ms
[2017-12-03T19:00:46.485] [INFO] blog - GET /api/tasks?done=false - 5ms
[2017-12-03T19:00:48.636] [INFO] blog - GET /api/owner/articles?page=1&size=20 - 5ms
[2017-12-03T19:00:51.683] [ERROR] blog - { status: 401, errCode: 'article.not.found' }
[2017-12-03T19:00:51.683] [INFO] blog - GET /api/articles/5a12e49ae59e7565280979a4 - 5ms
[2017-12-03T19:00:51.716] [INFO] blog - GET /api/captcha - 4ms
[2017-12-03T19:02:01.295] [INFO] blog - GET /api/owner/articles?page=1&size=20 - 1ms
[2017-12-03T19:02:01.332] [INFO] blog - GET /api/captcha - 2ms
[2017-12-03T19:02:11.104] [ERROR] blog - { status: 500, errCode: 'user.captcha.error' }
[2017-12-03T19:02:11.104] [INFO] blog - POST /api/session - 2ms
[2017-12-03T19:02:11.127] [INFO] blog - GET /api/captcha - 1ms
[2017-12-03T19:02:15.737] [INFO] blog - POST /api/session - 1ms
[2017-12-03T19:02:15.779] [INFO] blog - GET /api/tasks?done=false - 3ms
[2017-12-03T19:02:18.257] [INFO] blog - GET /api/owner/articles?page=1&size=20 - 4ms
[2017-12-03T19:02:19.946] [INFO] blog - GET /api/owner/articles/5a12e49ae59e7565280979a4 - 3ms
[2017-12-03T19:02:19.973] [INFO] blog - GET /api/tags - 5ms
[2017-12-03T19:02:24.700] [INFO] blog - PUT /api/articles/5a12e49ae59e7565280979a4 - 5ms
[2017-12-03T19:02:24.737] [INFO] blog - GET /api/owner/articles?page=1&size=20 - 8ms
[2017-12-03T19:02:30.572] [INFO] blog - GET /api/owner/articles/5a12e49ae59e7565280979a4 - 5ms
[2017-12-03T19:02:30.600] [INFO] blog - GET /api/tags - 4ms
[2017-12-03T19:02:36.219] [INFO] blog - GET /api/owner/articles?page=1&size=20 - 5ms
[2017-12-03T19:02:38.477] [INFO] blog - GET /api/owner/articles/5a12e48de59e7565280979a3 - 6ms
[2017-12-03T19:02:38.526] [INFO] blog - GET /api/tags - 10ms
[2017-12-03T19:03:11.274] [INFO] blog - PUT /api/articles/5a12e48de59e7565280979a3 - 4ms
[2017-12-03T19:03:11.300] [INFO] blog - GET /api/owner/articles?page=1&size=20 - 4ms
[2017-12-03T19:03:12.827] [INFO] blog - GET /api/owner/articles/5a12e49ae59e7565280979a4 - 1ms
[2017-12-03T19:03:12.845] [INFO] blog - GET /api/tags - 3ms
[2017-12-03T19:03:15.402] [INFO] blog - PUT /api/articles/5a12e49ae59e7565280979a4 - 4ms
[2017-12-03T19:03:15.443] [INFO] blog - GET /api/owner/articles?page=1&size=20 - 8ms
[2017-12-03T19:03:21.034] [INFO] blog - GET /api/owner/articles?page=1&size=20 - 6ms
[2017-12-03T19:03:24.440] [INFO] blog - GET /api/owner/articles/5a12e49ae59e7565280979a4 - 5ms
[2017-12-03T19:03:24.470] [INFO] blog - GET /api/tags - 6ms
[2017-12-03T19:03:28.677] [INFO] blog - PUT /api/articles/5a12e49ae59e7565280979a4 - 9ms
[2017-12-03T19:03:28.726] [INFO] blog - GET /api/owner/articles?page=1&size=20 - 6ms
[2017-12-03T19:03:30.821] [INFO] blog - GET /api/owner/articles/5a12e49ae59e7565280979a4 - 4ms
[2017-12-03T19:03:30.849] [INFO] blog - GET /api/tags - 2ms
[2017-12-03T19:03:37.973] [INFO] blog - PUT /api/articles/5a12e49ae59e7565280979a4 - 9ms
[2017-12-03T19:03:38.036] [INFO] blog - GET /api/owner/articles?page=1&size=20 - 4ms
[2017-12-03T19:04:01.248] [INFO] blog - GET /api/owner/articles?page=1&size=20 - 4ms
[2017-12-03T19:04:03.587] [INFO] blog - GET /api/owner/articles/5a12e49ae59e7565280979a4 - 3ms
[2017-12-03T19:04:03.609] [INFO] blog - GET /api/tags - 1ms
[2017-12-03T19:04:05.376] [INFO] blog - PUT /api/articles/5a12e49ae59e7565280979a4 - 7ms
[2017-12-03T19:04:05.417] [INFO] blog - GET /api/owner/articles?page=1&size=20 - 3ms
[2017-12-03T19:04:08.572] [INFO] blog - GET /api/owner/articles?page=1&size=20 - 17ms
[2017-12-03T19:05:02.426] [INFO] blog - GET /api/owner/articles/5a12e49ae59e7565280979a4 - 2ms
[2017-12-03T19:05:02.449] [INFO] blog - GET /api/tags - 2ms
[2017-12-03T19:05:03.802] [INFO] blog - PUT /api/articles/5a12e49ae59e7565280979a4 - 4ms
[2017-12-03T19:05:03.843] [INFO] blog - GET /api/owner/articles?page=1&size=20 - 5ms
[2017-12-03T19:05:05.707] [INFO] blog - GET /api/owner/articles/5a12e49ae59e7565280979a4 - 3ms
[2017-12-03T19:05:05.736] [INFO] blog - GET /api/tags - 3ms
[2017-12-03T19:05:06.938] [INFO] blog - PUT /api/articles/5a12e49ae59e7565280979a4 - 8ms
[2017-12-03T19:05:06.986] [INFO] blog - GET /api/owner/articles?page=1&size=20 - 6ms
[2017-12-03T19:05:32.618] [INFO] blog - GET /api/owner/articles/5a12e49ae59e7565280979a4 - 3ms
[2017-12-03T19:05:32.640] [INFO] blog - GET /api/tags - 3ms
[2017-12-03T19:06:01.537] [INFO] blog - PUT /api/articles/5a12e49ae59e7565280979a4 - 26994ms
[2017-12-03T19:06:01.598] [INFO] blog - GET /api/owner/articles?page=1&size=20 - 6ms
[2017-12-03T19:06:23.805] [INFO] blog - GET /api/owner/articles/5a12e49ae59e7565280979a4 - 4ms
[2017-12-03T19:06:23.833] [INFO] blog - GET /api/tags - 3ms
[2017-12-03T19:06:39.635] [INFO] blog - PUT /api/articles/5a12e49ae59e7565280979a4 - 14130ms
[2017-12-03T19:06:39.677] [INFO] blog - GET /api/owner/articles?page=1&size=20 - 11ms
[2017-12-03T19:06:42.034] [INFO] blog - GET /api/owner/articles/5a12e49ae59e7565280979a4 - 4ms
[2017-12-03T19:06:42.065] [INFO] blog - GET /api/tags - 2ms
[2017-12-03T19:06:45.494] [INFO] blog - PUT /api/articles/5a12e49ae59e7565280979a4 - 17ms
[2017-12-03T19:06:45.542] [INFO] blog - GET /api/owner/articles?page=1&size=20 - 7ms
[2017-12-03T19:06:47.117] [INFO] blog - GET /api/owner/articles/5a12e49ae59e7565280979a4 - 2ms
[2017-12-03T19:06:47.136] [INFO] blog - GET /api/tags - 3ms
[2017-12-03T19:06:48.414] [INFO] blog - PUT /api/articles/5a12e49ae59e7565280979a4 - 11ms
[2017-12-03T19:06:48.467] [INFO] blog - GET /api/owner/articles?page=1&size=20 - 3ms
[2017-12-03T19:06:54.498] [INFO] blog - GET /api/owner/articles/5a12e49ae59e7565280979a4 - 4ms
[2017-12-03T19:06:54.525] [INFO] blog - GET /api/tags - 4ms
[2017-12-03T19:07:03.050] [INFO] blog - PUT /api/articles/5a12e49ae59e7565280979a4 - 6ms
[2017-12-03T19:07:03.090] [INFO] blog - GET /api/owner/articles?page=1&size=20 - 5ms
[2017-12-03T19:07:09.706] [INFO] blog - GET /api/owner/articles/5a12e49ae59e7565280979a4 - 3ms
[2017-12-03T19:07:09.735] [INFO] blog - GET /api/tags - 4ms
[2017-12-03T19:07:29.211] [INFO] blog - PUT /api/articles/5a12e49ae59e7565280979a4 - 10ms
[2017-12-03T19:07:29.267] [INFO] blog - GET /api/owner/articles?page=1&size=20 - 7ms
[2017-12-03T19:07:31.026] [INFO] blog - GET /api/owner/articles/5a12e49ae59e7565280979a4 - 3ms
[2017-12-03T19:07:31.052] [INFO] blog - GET /api/tags - 3ms
[2017-12-03T19:07:32.883] [INFO] blog - PUT /api/articles/5a12e49ae59e7565280979a4 - 7ms
[2017-12-03T19:07:32.919] [INFO] blog - GET /api/owner/articles?page=1&size=20 - 9ms
[2017-12-03T19:07:54.880] [INFO] blog - GET /api/owner/articles/5a12e49ae59e7565280979a4 - 2ms
[2017-12-03T19:07:54.898] [INFO] blog - GET /api/tags - 2ms
[2017-12-03T19:08:43.321] [INFO] blog - GET /api/owner/articles/5a12e49ae59e7565280979a4 - 1ms
[2017-12-03T19:08:43.353] [INFO] blog - GET /api/tags - 6ms
[2017-12-03T19:08:46.274] [INFO] blog - PUT /api/articles/5a12e49ae59e7565280979a4 - 10ms
[2017-12-03T19:08:46.305] [INFO] blog - GET /api/owner/articles?page=1&size=20 - 6ms
[2017-12-03T19:08:47.739] [INFO] blog - GET /api/owner/articles/5a12e49ae59e7565280979a4 - 4ms
[2017-12-03T19:08:47.759] [INFO] blog - GET /api/tags - 2ms
[2017-12-03T19:08:49.990] [INFO] blog - PUT /api/articles/5a12e49ae59e7565280979a4 - 12ms
[2017-12-03T19:08:50.034] [INFO] blog - GET /api/owner/articles?page=1&size=20 - 7ms
[2017-12-03T19:08:53.030] [INFO] blog - GET /api/owner/articles/5a12e49ae59e7565280979a4 - 2ms
[2017-12-03T19:08:53.052] [INFO] blog - GET /api/tags - 3ms
[2017-12-03T19:09:17.275] [INFO] blog - PUT /api/articles/5a12e49ae59e7565280979a4 - 5ms
[2017-12-03T19:09:17.316] [INFO] blog - GET /api/owner/articles?page=1&size=20 - 5ms
[2017-12-03T19:09:18.980] [INFO] blog - GET /api/owner/articles/5a12e49ae59e7565280979a4 - 2ms
[2017-12-03T19:09:19.005] [INFO] blog - GET /api/tags - 4ms
[2017-12-03T19:09:20.594] [INFO] blog - PUT /api/articles/5a12e49ae59e7565280979a4 - 10ms
[2017-12-03T19:09:20.633] [INFO] blog - GET /api/owner/articles?page=1&size=20 - 9ms
[2017-12-03T19:09:21.956] [INFO] blog - GET /api/owner/articles/5a12e49ae59e7565280979a4 - 3ms
[2017-12-03T19:09:21.980] [INFO] blog - GET /api/tags - 3ms
[2017-12-03T19:09:23.260] [INFO] blog - PUT /api/articles/5a12e49ae59e7565280979a4 - 22ms
[2017-12-03T19:09:23.311] [INFO] blog - GET /api/owner/articles?page=1&size=20 - 7ms
[2017-12-03T19:10:36.103] [INFO] blog - GET /api/owner/articles/5a12e49ae59e7565280979a4 - 3ms
[2017-12-03T19:10:36.137] [INFO] blog - GET /api/tags - 4ms
[2017-12-03T19:10:38.485] [INFO] blog - PUT /api/articles/5a12e49ae59e7565280979a4 - 9ms
[2017-12-03T19:10:38.548] [INFO] blog - GET /api/owner/articles?page=1&size=20 - 4ms
[2017-12-03T19:10:39.751] [INFO] blog - GET /api/owner/articles/5a12e49ae59e7565280979a4 - 1ms
[2017-12-03T19:10:39.772] [INFO] blog - GET /api/tags - 4ms
[2017-12-03T19:10:41.145] [INFO] blog - PUT /api/articles/5a12e49ae59e7565280979a4 - 9ms
[2017-12-03T19:10:41.200] [INFO] blog - GET /api/owner/articles?page=1&size=20 - 8ms
[2017-12-03T19:10:45.085] [INFO] blog - GET /api/owner/articles/5a12e49ae59e7565280979a4 - 4ms
[2017-12-03T19:10:45.116] [INFO] blog - GET /api/tags - 3ms
[2017-12-03T19:10:48.044] [INFO] blog - PUT /api/articles/5a12e49ae59e7565280979a4 - 14ms
[2017-12-03T19:10:48.097] [INFO] blog - GET /api/owner/articles?page=1&size=20 - 7ms
[2017-12-03T19:11:14.007] [INFO] blog - GET /api/owner/articles/5a12e49ae59e7565280979a4 - 2ms
[2017-12-03T19:11:14.053] [INFO] blog - GET /api/tags - 6ms
[2017-12-03T19:11:16.713] [INFO] blog - PUT /api/articles/5a12e49ae59e7565280979a4 - 12ms
[2017-12-03T19:11:16.767] [INFO] blog - GET /api/owner/articles?page=1&size=20 - 4ms
[2017-12-03T19:11:18.456] [INFO] blog - GET /api/owner/articles/5a12e49ae59e7565280979a4 - 4ms
[2017-12-03T19:11:18.476] [INFO] blog - GET /api/tags - 2ms
[2017-12-03T19:11:19.892] [INFO] blog - PUT /api/articles/5a12e49ae59e7565280979a4 - 9ms
[2017-12-03T19:11:19.949] [INFO] blog - GET /api/owner/articles?page=1&size=20 - 12ms
[2017-12-03T19:11:22.298] [INFO] blog - GET /api/tags - 2ms
[2017-12-03T19:11:25.897] [INFO] blog - GET /api/owner/articles?page=1&size=20 - 5ms
[2017-12-19T10:15:52.355] [INFO] blog - POST /wx/user - 2ms
[2017-12-19T10:16:26.208] [ERROR] blog - ReferenceError: configs is not defined
    at wxBind (c:\Users\11140821050150\Desktop\yfblog\src\controller\UserController.js:58:42)
    at dispatch (c:\Users\11140821050150\Desktop\yfblog\node_modules\koa-router\node_modules\koa-compose\index.js:44:32)
    at next (c:\Users\11140821050150\Desktop\yfblog\node_modules\koa-router\node_modules\koa-compose\index.js:45:18)
    at c:\Users\11140821050150\Desktop\yfblog\node_modules\koa-router\lib\router.js:345:16
    at dispatch (c:\Users\11140821050150\Desktop\yfblog\node_modules\koa-router\node_modules\koa-compose\index.js:44:32)
    at c:\Users\11140821050150\Desktop\yfblog\node_modules\koa-router\node_modules\koa-compose\index.js:36:12
    at dispatch (c:\Users\11140821050150\Desktop\yfblog\node_modules\koa-router\lib\router.js:350:31)
    at dispatch (c:\Users\11140821050150\Desktop\yfblog\node_modules\koa-compose\index.js:42:32)
    at next (c:\Users\11140821050150\Desktop\yfblog\node_modules\koa-compose\index.js:43:18)
    at dispatch (c:\Users\11140821050150\Desktop\yfblog\node_modules\koa-router\lib\router.js:332:32)
    at dispatch (c:\Users\11140821050150\Desktop\yfblog\node_modules\koa-compose\index.js:42:32)
    at next (c:\Users\11140821050150\Desktop\yfblog\node_modules\koa-compose\index.js:43:18)
    at app.use (c:\Users\11140821050150\Desktop\yfblog\app.js:45:9)
    at dispatch (c:\Users\11140821050150\Desktop\yfblog\node_modules\koa-compose\index.js:42:32)
    at next (c:\Users\11140821050150\Desktop\yfblog\node_modules\koa-compose\index.js:43:18)
    at app.use (c:\Users\11140821050150\Desktop\yfblog\app.js:38:9)
[2017-12-19T10:16:26.242] [INFO] blog - POST /api/wx/user - 35ms
[2017-12-19T10:20:15.953] [ERROR] blog - { status: 500, errCode: 'has.bind.wx' }
[2017-12-19T10:20:15.958] [INFO] blog - POST /api/wx/user - 475ms
[2017-12-19T10:22:36.771] [ERROR] blog - { status: 500, errCode: 'has.bind.wx' }
[2017-12-19T10:22:36.772] [INFO] blog - POST /api/wx/user - 29810ms
[2017-12-19T10:24:04.614] [ERROR] blog - { status: 500, errCode: 'need.wx.id' }
[2017-12-19T10:24:04.620] [INFO] blog - POST /api/wx/user - 12124ms
[2017-12-19T10:24:36.228] [ERROR] blog - ReferenceError: openId is not defined
    at wxBind (c:\Users\11140821050150\Desktop\yfblog\src\controller\UserController.js:64:55)
    at <anonymous>
    at process._tickCallback (internal/process/next_tick.js:188:7)
[2017-12-19T10:24:36.238] [INFO] blog - POST /api/wx/user - 12053ms
[2017-12-19T10:26:17.312] [INFO] blog - POST /api/wx/user - 47720ms
[2017-12-19T10:30:35.532] [ERROR] blog - { status: 500, errCode: 'not.bind.wx' }
[2017-12-19T10:30:35.535] [INFO] blog - POST /api/wx/session - 604ms
[2017-12-19T10:31:04.929] [ERROR] blog - { status: 500, errCode: 'not.bind.wx' }
[2017-12-19T10:31:04.929] [INFO] blog - POST /api/wx/session - 171ms
[2017-12-19T10:32:07.030] [ERROR] blog - { status: 500, errCode: 'not.bind.wx' }
[2017-12-19T10:32:07.031] [INFO] blog - POST /api/wx/session - 24158ms
[2017-12-19T10:32:50.910] [INFO] blog - POST /api/wx/user - 4427ms
[2017-12-19T10:33:38.986] [ERROR] blog - { status: 500, errCode: 'has.bind.wx' }
[2017-12-19T10:33:38.991] [INFO] blog - POST /api/wx/user - 250ms
[2017-12-19T10:34:59.789] [ERROR] blog - { status: 500, errCode: 'has.bind.wx' }
[2017-12-19T10:34:59.790] [INFO] blog - POST /api/wx/user - 32119ms
[2017-12-19T10:36:15.230] [INFO] blog - POST /api/wx/session - 154ms
[2017-12-19T10:42:10.799] [INFO] blog - POST /api/wx/session - 325005ms
[2017-12-19T10:43:31.045] [INFO] blog - POST /api/wx/session - 57447ms
[2017-12-19T10:46:12.014] [ERROR] blog - { status: 500, errCode: 'user.captcha.error' }
[2017-12-19T10:46:12.016] [INFO] blog - POST /api/session - 3391ms
[2017-12-19T10:46:27.392] [INFO] blog - GET /api/captcha - 3418ms
[2017-12-19T10:47:16.177] [INFO] blog - POST /api/session - 2ms
[2017-12-19T10:48:17.999] [INFO] blog - GET /api/tags - 43477ms
[2017-12-19T10:50:19.437] [INFO] blog - GET /api/tasks/5a05045f2d741b10282a2165 - 49ms
[2017-12-19T10:51:11.984] [INFO] blog - POST /api/wx/session - 6735ms
[2017-12-19T10:51:41.870] [INFO] blog - POST /api/wx/session - 20930ms
[2017-12-19T10:52:07.706] [INFO] blog - POST /api/wx/session - 433ms
[2017-12-19T10:52:18.579] [INFO] blog - POST /api/wx/session - 147ms
